{"uuid":"53645b2a-5f8a-4e3a-bbbb-2cdb32c42834","historyId":"c5d418058a8368f400f59a9d7d719185","fullName":"com.test.LoginTest.verifyTest1","labels":[{"name":"package","value":"com.test.LoginTest"},{"name":"testClass","value":"com.test.LoginTest"},{"name":"testMethod","value":"verifyTest1"},{"name":"parentSuite","value":"Suite"},{"name":"suite","value":"Test"},{"name":"subSuite","value":"com.test.LoginTest"},{"name":"host","value":"LAPTOP-QQAI18EO"},{"name":"thread","value":"35752@LAPTOP-QQAI18EO.main(1)"},{"name":"framework","value":"testng"},{"name":"language","value":"java"}],"links":[],"name":"verifyTest1","status":"broken","statusDetails":{"known":false,"muted":false,"flaky":false,"message":"java.lang.NullPointerException: Cannot invoke \"org.openqa.selenium.SearchContext.findElement(org.openqa.selenium.By)\" because \"this.searchContext\" is null\nBuild info: version: '4.30.0', revision: '509c7f17cc*'\nSystem info: os.name: 'Windows 11', os.arch: 'amd64', os.version: '10.0', java.version: '19.0.1'\nDriver info: driver.version: unknown","trace":"org.openqa.selenium.WebDriverException: java.lang.NullPointerException: Cannot invoke \"org.openqa.selenium.SearchContext.findElement(org.openqa.selenium.By)\" because \"this.searchContext\" is null\nBuild info: version: '4.30.0', revision: '509c7f17cc*'\nSystem info: os.name: 'Windows 11', os.arch: 'amd64', os.version: '10.0', java.version: '19.0.1'\nDriver info: driver.version: unknown\r\n\tat io.appium.java_client.pagefactory.AppiumElementLocator$WaitingFunction.apply(AppiumElementLocator.java:191)\r\n\tat io.appium.java_client.pagefactory.AppiumElementLocator$WaitingFunction.apply(AppiumElementLocator.java:164)\r\n\tat org.openqa.selenium.support.ui.FluentWait.until(FluentWait.java:203)\r\n\tat io.appium.java_client.pagefactory.AppiumElementLocator.waitFor(AppiumElementLocator.java:98)\r\n\tat io.appium.java_client.pagefactory.AppiumElementLocator.findElement(AppiumElementLocator.java:118)\r\n\tat io.appium.java_client.pagefactory.interceptors.InterceptorOfASingleElement.intercept(InterceptorOfASingleElement.java:59)\r\n\tat org.openqa.selenium.remote.RemoteWebElement$$EnhancerByCGLIB$$d27c0df4.click(<generated>)\r\n\tat com.page.Login.test(Login.java:29)\r\n\tat com.test.LoginTest.verifyTest1(LoginTest.java:32)\r\n\tat java.base/jdk.internal.reflect.DirectMethodHandleAccessor.invoke(DirectMethodHandleAccessor.java:104)\r\n\tat java.base/java.lang.reflect.Method.invoke(Method.java:578)\r\n\tat org.testng.internal.MethodInvocationHelper.invokeMethod(MethodInvocationHelper.java:133)\r\n\tat org.testng.internal.TestInvoker.invokeMethod(TestInvoker.java:598)\r\n\tat org.testng.internal.TestInvoker.invokeTestMethod(TestInvoker.java:173)\r\n\tat org.testng.internal.MethodRunner.runInSequence(MethodRunner.java:46)\r\n\tat org.testng.internal.TestInvoker$MethodInvocationAgent.invoke(TestInvoker.java:824)\r\n\tat org.testng.internal.TestInvoker.invokeTestMethods(TestInvoker.java:146)\r\n\tat org.testng.internal.TestMethodWorker.invokeTestMethods(TestMethodWorker.java:146)\r\n\tat org.testng.internal.TestMethodWorker.run(TestMethodWorker.java:128)\r\n\tat java.base/java.util.ArrayList.forEach(ArrayList.java:1511)\r\n\tat org.testng.TestRunner.privateRun(TestRunner.java:794)\r\n\tat org.testng.TestRunner.run(TestRunner.java:596)\r\n\tat org.testng.SuiteRunner.runTest(SuiteRunner.java:377)\r\n\tat org.testng.SuiteRunner.runSequentially(SuiteRunner.java:371)\r\n\tat org.testng.SuiteRunner.privateRun(SuiteRunner.java:332)\r\n\tat org.testng.SuiteRunner.run(SuiteRunner.java:276)\r\n\tat org.testng.SuiteRunnerWorker.runSuite(SuiteRunnerWorker.java:53)\r\n\tat org.testng.SuiteRunnerWorker.run(SuiteRunnerWorker.java:96)\r\n\tat org.testng.TestNG.runSuitesSequentially(TestNG.java:1212)\r\n\tat org.testng.TestNG.runSuitesLocally(TestNG.java:1134)\r\n\tat org.testng.TestNG.runSuites(TestNG.java:1063)\r\n\tat org.testng.TestNG.run(TestNG.java:1031)\r\n\tat org.testng.remote.AbstractRemoteTestNG.run(AbstractRemoteTestNG.java:115)\r\n\tat org.testng.remote.RemoteTestNG.initAndRun(RemoteTestNG.java:251)\r\n\tat org.testng.remote.RemoteTestNG.main(RemoteTestNG.java:77)\r\nCaused by: java.lang.NullPointerException: Cannot invoke \"org.openqa.selenium.SearchContext.findElement(org.openqa.selenium.By)\" because \"this.searchContext\" is null\r\n\tat io.appium.java_client.pagefactory.AppiumElementLocator.lambda$findElement$0(AppiumElementLocator.java:119)\r\n\tat io.appium.java_client.pagefactory.AppiumElementLocator$WaitingFunction.apply(AppiumElementLocator.java:171)\r\n\t... 34 more\r\n"},"stage":"finished","steps":[],"attachments":[],"parameters":[],"start":1743570038859,"stop":1743570039097}